ESBMC version 7.10.0 64-bit x86_64 linux
Target: 64-bit little-endian x86_64-unknown-linux with esbmclibc
Parsing tests/test_core.c
Parsing src/arduino_core.c
Converting
Generating GOTO Program
GOTO program creation time: 0.127s
GOTO program processing time: 0.001s
Starting Bounded Model Checking
Symex completed in: 0.001s (23 assignments)
Caching time: 0.000s (removed 0 assertions)
Slicing time: 0.000s (removed 16 assignments)
Generated 5 VCC(s), 1 remaining after simplification (7 assignments)
No solver specified; defaulting to z3
Encoding remaining VCC(s) using bit-vector/floating-point arithmetic
Encoding to solver time: 0.000s
Solving with solver Z3 v4.8.12
Runtime decision procedure: 0.001s
BMC program time: 0.021s

VERIFICATION SUCCESSFUL
