ESBMC version 7.10.0 64-bit x86_64 linux
Target: 64-bit little-endian x86_64-unknown-linux with esbmclibc
Parsing tests/test_eeprom.c
Parsing src/arduino_eeprom.c
Converting
Generating GOTO Program
GOTO program creation time: 0.135s
GOTO program processing time: 0.000s
Starting Bounded Model Checking
Symex completed in: 0.000s (20 assignments)
Caching time: 0.000s (removed 0 assertions)
Slicing time: 0.000s (removed 18 assignments)
Generated 5 VCC(s), 1 remaining after simplification (2 assignments)
No solver specified; defaulting to z3
Encoding remaining VCC(s) using bit-vector/floating-point arithmetic
Encoding to solver time: 0.000s
Solving with solver Z3 v4.8.12
Runtime decision procedure: 0.000s
Building error trace

[Counterexample]


State 1 file src/arduino_eeprom.c line 13 column 5 function EEPROM_read thread 0
----------------------------------------------------
Violated property:
  file src/arduino_eeprom.c line 13 column 5 function EEPROM_read
  EEPROM_read: endereço inválido
  address >= 0 && address < 1024


VERIFICATION FAILED
