ESBMC version 7.10.0 64-bit x86_64 linux
Target: 64-bit little-endian x86_64-unknown-linux with esbmclibc
Parsing tests/test_ethernet.c
Parsing src/arduino_ethernet.c
Converting
Generating GOTO Program
GOTO program creation time: 0.119s
GOTO program processing time: 0.000s
Starting Bounded Model Checking
Unwinding loop 2 iteration 1   file /home/rafags13/esbmc/src/c2goto/library/string.c line 92 column 3 function strlen
Unwinding loop 2 iteration 2   file /home/rafags13/esbmc/src/c2goto/library/string.c line 92 column 3 function strlen
Unwinding loop 2 iteration 3   file /home/rafags13/esbmc/src/c2goto/library/string.c line 92 column 3 function strlen
Unwinding loop 2 iteration 4   file /home/rafags13/esbmc/src/c2goto/library/string.c line 92 column 3 function strlen
Unwinding loop 2 iteration 5   file /home/rafags13/esbmc/src/c2goto/library/string.c line 92 column 3 function strlen
Unwinding loop 2 iteration 6   file /home/rafags13/esbmc/src/c2goto/library/string.c line 92 column 3 function strlen
Unwinding loop 2 iteration 7   file /home/rafags13/esbmc/src/c2goto/library/string.c line 92 column 3 function strlen
Unwinding loop 2 iteration 8   file /home/rafags13/esbmc/src/c2goto/library/string.c line 92 column 3 function strlen
Unwinding loop 2 iteration 9   file /home/rafags13/esbmc/src/c2goto/library/string.c line 92 column 3 function strlen
Unwinding loop 2 iteration 10   file /home/rafags13/esbmc/src/c2goto/library/string.c line 92 column 3 function strlen
Unwinding loop 2 iteration 11   file /home/rafags13/esbmc/src/c2goto/library/string.c line 92 column 3 function strlen
Symex completed in: 0.006s (48 assignments)
Caching time: 0.000s (removed 0 assertions)
Slicing time: 0.000s (removed 41 assignments)
Generated 23 VCC(s), 2 remaining after simplification (7 assignments)
No solver specified; defaulting to z3
Encoding remaining VCC(s) using bit-vector/floating-point arithmetic
Encoding to solver time: 0.000s
Solving with solver Z3 v4.8.12
Runtime decision procedure: 0.002s
BMC program time: 0.014s

VERIFICATION SUCCESSFUL
