ESBMC version 7.11.0 64-bit x86_64 linux
Target: 64-bit little-endian x86_64-unknown-linux with esbmclibc
Parsing tests/test_foobar_bad.c
Parsing src/arduino_foobar.c
Converting
Generating GOTO Program
GOTO program creation time: 0.294s
GOTO program processing time: 0.000s
Starting Bounded Model Checking
Symex completed in: 0.002s (13 assignments)
Caching time: 0.000s (removed 0 assertions)
Slicing time: 0.000s (removed 11 assignments)
Generated 1 VCC(s), 1 remaining after simplification (2 assignments)
No solver specified; defaulting to Boolector
Encoding remaining VCC(s) using bit-vector/floating-point arithmetic
Encoding to solver time: 0.000s
Solving with solver Boolector 3.2.4
Runtime decision procedure: 0.000s
Building error trace

[Counterexample]


State 1 file tests/test_foobar_bad.c line 6 column 5 function main thread 0
----------------------------------------------------
Violated property:
  file tests/test_foobar_bad.c line 6 column 5 function main
  force fail to show counterexample
  0


VERIFICATION FAILED
