ESBMC version 7.10.0 64-bit x86_64 linux
Target: 64-bit little-endian x86_64-unknown-linux with esbmclibc
Parsing tests/test_liquidcrystal.c
Parsing src/arduino_liquidcrystal.c
Converting
Generating GOTO Program
GOTO program creation time: 0.108s
GOTO program processing time: 0.001s
Starting Bounded Model Checking
Symex completed in: 0.001s (29 assignments)
Caching time: 0.000s (removed 0 assertions)
Slicing time: 0.000s (removed 27 assignments)
Generated 8 VCC(s), 1 remaining after simplification (2 assignments)
No solver specified; defaulting to z3
Encoding remaining VCC(s) using bit-vector/floating-point arithmetic
Encoding to solver time: 0.000s
Solving with solver Z3 v4.8.12
Runtime decision procedure: 0.000s
BMC program time: 0.019s

VERIFICATION SUCCESSFUL
