=== analog ===
ESBMC version 7.10.0 64-bit x86_64 linux
Target: 64-bit little-endian x86_64-unknown-linux with esbmclibc
Parsing tests/test_analog.c
Parsing src/arduino_analog.c
Converting
Generating GOTO Program
GOTO program creation time: 0.167s
GOTO program processing time: 0.001s
Starting Bounded Model Checking
Symex completed in: 0.002s (19 assignments)
Caching time: 0.000s (removed 0 assertions)
Slicing time: 0.000s (removed 16 assignments)
Generated 3 VCC(s), 1 remaining after simplification (3 assignments)
No solver specified; defaulting to z3
Encoding remaining VCC(s) using bit-vector/floating-point arithmetic
Encoding to solver time: 0.000s
Solving with solver Z3 v4.8.12
Runtime decision procedure: 0.001s
BMC program time: 0.024s

VERIFICATION SUCCESSFUL
=== core ===
ESBMC version 7.10.0 64-bit x86_64 linux
Target: 64-bit little-endian x86_64-unknown-linux with esbmclibc
Parsing tests/test_core.c
Parsing src/arduino_core.c
Converting
Generating GOTO Program
GOTO program creation time: 35.668s
GOTO program processing time: 0.000s
Starting Bounded Model Checking
Symex completed in: 0.000s (23 assignments)
Caching time: 0.000s (removed 0 assertions)
Slicing time: 0.000s (removed 16 assignments)
Generated 5 VCC(s), 1 remaining after simplification (7 assignments)
No solver specified; defaulting to z3
Encoding remaining VCC(s) using bit-vector/floating-point arithmetic
Encoding to solver time: 0.000s
Solving with solver Z3 v4.8.12
Runtime decision procedure: 0.003s
BMC program time: 0.011s

VERIFICATION SUCCESSFUL
=== time ===
ESBMC version 7.10.0 64-bit x86_64 linux
Target: 64-bit little-endian x86_64-unknown-linux with esbmclibc
Parsing tests/test_time.c
Parsing src/arduino_time.c
Converting
Generating GOTO Program
GOTO program creation time: 18446744073709516.000s
GOTO program processing time: 0.001s
Starting Bounded Model Checking
Symex completed in: 0.001s (18 assignments)
Caching time: 0.000s (removed 0 assertions)
Slicing time: 0.000s (removed 17 assignments)
Generated 3 VCC(s), 0 remaining after simplification (1 assignments)
BMC program time: 0.004s

VERIFICATION SUCCESSFUL
=== serial ===
ESBMC version 7.10.0 64-bit x86_64 linux
Target: 64-bit little-endian x86_64-unknown-linux with esbmclibc
Parsing tests/test_serial.c
Parsing src/arduino_serial.c
Converting
Generating GOTO Program
GOTO program creation time: 0.127s
GOTO program processing time: 0.000s
Starting Bounded Model Checking
Symex completed in: 0.001s (21 assignments)
Caching time: 0.000s (removed 0 assertions)
Slicing time: 0.000s (removed 20 assignments)
Generated 4 VCC(s), 0 remaining after simplification (1 assignments)
BMC program time: 0.006s

VERIFICATION SUCCESSFUL
=== wire ===
ESBMC version 7.10.0 64-bit x86_64 linux
Target: 64-bit little-endian x86_64-unknown-linux with esbmclibc
Parsing tests/test_wire.c
Parsing src/arduino_wire.c
Converting
Generating GOTO Program
GOTO program creation time: 0.114s
GOTO program processing time: 0.000s
Starting Bounded Model Checking
Symex completed in: 0.001s (27 assignments)
Caching time: 0.000s (removed 0 assertions)
Slicing time: 0.000s (removed 20 assignments)
Generated 6 VCC(s), 1 remaining after simplification (7 assignments)
No solver specified; defaulting to z3
Encoding remaining VCC(s) using bit-vector/floating-point arithmetic
Encoding to solver time: 0.000s
Solving with solver Z3 v4.8.12
Runtime decision procedure: 0.001s
BMC program time: 0.010s

VERIFICATION SUCCESSFUL
=== spi ===
ESBMC version 7.10.0 64-bit x86_64 linux
Target: 64-bit little-endian x86_64-unknown-linux with esbmclibc
Parsing tests/test_spi.c
Parsing src/arduino_spi.c
Converting
Generating GOTO Program
GOTO program creation time: 0.143s
GOTO program processing time: 0.000s
Starting Bounded Model Checking
Symex completed in: 0.000s (22 assignments)
Caching time: 0.000s (removed 0 assertions)
Slicing time: 0.000s (removed 15 assignments)
Generated 3 VCC(s), 1 remaining after simplification (7 assignments)
No solver specified; defaulting to z3
Encoding remaining VCC(s) using bit-vector/floating-point arithmetic
Encoding to solver time: 0.000s
Solving with solver Z3 v4.8.12
Runtime decision procedure: 0.001s
BMC program time: 0.009s

VERIFICATION SUCCESSFUL
=== eeprom ===
ESBMC version 7.10.0 64-bit x86_64 linux
Target: 64-bit little-endian x86_64-unknown-linux with esbmclibc
Parsing tests/test_eeprom.c
Parsing src/arduino_eeprom.c
Converting
Generating GOTO Program
GOTO program creation time: 0.112s
GOTO program processing time: 0.000s
Starting Bounded Model Checking
Symex completed in: 0.001s (22 assignments)
Caching time: 0.000s (removed 0 assertions)
Slicing time: 0.000s (removed 20 assignments)
Generated 5 VCC(s), 1 remaining after simplification (2 assignments)
No solver specified; defaulting to z3
Encoding remaining VCC(s) using bit-vector/floating-point arithmetic
Encoding to solver time: 0.000s
Solving with solver Z3 v4.8.12
Runtime decision procedure: 0.001s
Building error trace

[Counterexample]


State 1 file src/arduino_eeprom.c line 13 column 5 function EEPROM_read thread 0
----------------------------------------------------
Violated property:
  file src/arduino_eeprom.c line 13 column 5 function EEPROM_read
  EEPROM_read: endereço inválido
  address >= 0 && address < 1024


VERIFICATION FAILED
=== ethernet ===
ESBMC version 7.10.0 64-bit x86_64 linux
Target: 64-bit little-endian x86_64-unknown-linux with esbmclibc
Parsing tests/test_ethernet.c
Parsing src/arduino_ethernet.c
Converting
Generating GOTO Program
GOTO program creation time: 0.122s
GOTO program processing time: 0.001s
Starting Bounded Model Checking
Unwinding loop 2 iteration 1   file /home/rafags13/esbmc/src/c2goto/library/string.c line 92 column 3 function strlen
Unwinding loop 2 iteration 2   file /home/rafags13/esbmc/src/c2goto/library/string.c line 92 column 3 function strlen
Unwinding loop 2 iteration 3   file /home/rafags13/esbmc/src/c2goto/library/string.c line 92 column 3 function strlen
Unwinding loop 2 iteration 4   file /home/rafags13/esbmc/src/c2goto/library/string.c line 92 column 3 function strlen
Unwinding loop 2 iteration 5   file /home/rafags13/esbmc/src/c2goto/library/string.c line 92 column 3 function strlen
Unwinding loop 2 iteration 6   file /home/rafags13/esbmc/src/c2goto/library/string.c line 92 column 3 function strlen
Unwinding loop 2 iteration 7   file /home/rafags13/esbmc/src/c2goto/library/string.c line 92 column 3 function strlen
Unwinding loop 2 iteration 8   file /home/rafags13/esbmc/src/c2goto/library/string.c line 92 column 3 function strlen
Unwinding loop 2 iteration 9   file /home/rafags13/esbmc/src/c2goto/library/string.c line 92 column 3 function strlen
Unwinding loop 2 iteration 10   file /home/rafags13/esbmc/src/c2goto/library/string.c line 92 column 3 function strlen
Unwinding loop 2 iteration 11   file /home/rafags13/esbmc/src/c2goto/library/string.c line 92 column 3 function strlen
Symex completed in: 0.009s (48 assignments)
Caching time: 0.000s (removed 0 assertions)
Slicing time: 0.000s (removed 41 assignments)
Generated 23 VCC(s), 2 remaining after simplification (7 assignments)
No solver specified; defaulting to z3
Encoding remaining VCC(s) using bit-vector/floating-point arithmetic
Encoding to solver time: 0.000s
Solving with solver Z3 v4.8.12
Runtime decision procedure: 0.002s
BMC program time: 0.022s

VERIFICATION SUCCESSFUL
=== lcd ===
ESBMC version 7.10.0 64-bit x86_64 linux
Target: 64-bit little-endian x86_64-unknown-linux with esbmclibc
Parsing tests/test_liquidcrystal.c
Parsing src/arduino_liquidcrystal.c
Converting
Generating GOTO Program
GOTO program creation time: 0.123s
GOTO program processing time: 0.000s
Starting Bounded Model Checking
Symex completed in: 0.000s (29 assignments)
Caching time: 0.000s (removed 0 assertions)
Slicing time: 0.000s (removed 27 assignments)
Generated 8 VCC(s), 1 remaining after simplification (2 assignments)
No solver specified; defaulting to z3
Encoding remaining VCC(s) using bit-vector/floating-point arithmetic
Encoding to solver time: 0.000s
Solving with solver Z3 v4.8.12
Runtime decision procedure: 0.001s
BMC program time: 0.008s

VERIFICATION SUCCESSFUL
=== servo ===
ESBMC version 7.10.0 64-bit x86_64 linux
Target: 64-bit little-endian x86_64-unknown-linux with esbmclibc
Parsing tests/test_servo.c
Parsing src/arduino_servo.c
Converting
Generating GOTO Program
GOTO program creation time: 0.116s
GOTO program processing time: 0.000s
Starting Bounded Model Checking
Symex completed in: 0.000s (26 assignments)
Caching time: 0.000s (removed 0 assertions)
Slicing time: 0.000s (removed 25 assignments)
Generated 6 VCC(s), 0 remaining after simplification (1 assignments)
BMC program time: 0.004s

VERIFICATION SUCCESSFUL
